0 info it worked if it ends with ok
1 verbose cli [ 'C:\\Program Files\\nodejs\\node.exe',
1 verbose cli   'C:\\Program Files\\nodejs\\node_modules\\npm\\bin\\npm-cli.js',
1 verbose cli   'run',
1 verbose cli   'dev' ]
2 info using npm@3.10.10
3 info using node@v6.11.0
4 verbose run-script [ 'predev', 'dev', 'postdev' ]
5 info lifecycle DemoWebpack@1.0.0~predev: DemoWebpack@1.0.0
6 silly lifecycle DemoWebpack@1.0.0~predev: no script for predev, continuing
7 info lifecycle DemoWebpack@1.0.0~dev: DemoWebpack@1.0.0
8 verbose lifecycle DemoWebpack@1.0.0~dev: unsafe-perm in lifecycle true
9 verbose lifecycle DemoWebpack@1.0.0~dev: PATH: C:\Program Files\nodejs\node_modules\npm\bin\node-gyp-bin;C:\project-sf\DemoWebpack\node_modules\.bin;C:\Users\HLATAOUI\bin;C:\Program Files\Git\mingw64\bin;C:\Program Files\Git\usr\local\bin;C:\Program Files\Git\usr\bin;C:\Program Files\Git\usr\bin;C:\Program Files\Git\mingw64\bin;C:\Program Files\Git\usr\bin;C:\Users\HLATAOUI\bin;C:\ProgramData\Oracle\Java\javapath;C:\Program Files (x86)\Oracle\jre\1.1.8\bin;C:\Program Files (x86)\Oracle\jre\1.3.1\bin;C:\oracle\ora92\bin;C:\oracle\ora92\jre\1.4.2\bin;C:\oracle\ora92\jre\1.4.2\bin\client;C:\Program Files (x86)\Intel\iCLS Client;C:\Program Files\Intel\iCLS Client;C:\Windows\system32;C:\Windows;C:\Windows\System32\Wbem;C:\Windows\System32\WindowsPowerShell\v1.0;C:\Program Files\Intel\Intel(R) Management Engine Components\DAL;C:\Program Files (x86)\Intel\Intel(R) Management Engine Components\DAL;C:\Program Files\Intel\Intel(R) Management Engine Components\IPT;C:\Program Files (x86)\Intel\Intel(R) Management Engine Components\IPT;C:\Program Files\Lenovo\Fingerprint Manager Pro;C:\Program Files (x86)\Common Files\Lenovo;C:\SWTOOLS\ReadyApps;C:\wamp64\bin\php\php5.6.25;C:\ProgramData\ComposerSetup\bin;C:\Program Files\Git\cmd;C:\HashiCorp\Vagrant\bin;C:\Program Files\TortoiseSVN\bin;C:\Program Files\Intel\WiFi\bin;C:\Program Files\Common Files\Intel\WirelessCommon;C:\Program Files (x86)\Skype\Phone;C:\Program Files\nodejs;C:\Program Files\Intel\WiFi\bin;C:\Program Files\Common Files\Intel\WirelessCommon;C:\Users\HLATAOUI\AppData\Roaming\npm;C:\Program Files\Git\usr\bin\vendor_perl;C:\Program Files\Git\usr\bin\core_perl
10 verbose lifecycle DemoWebpack@1.0.0~dev: CWD: C:\project-sf\DemoWebpack
11 silly lifecycle DemoWebpack@1.0.0~dev: Args: [ '/d /s /c',
11 silly lifecycle   'cross-env NODE_ENV=dev webpack --config webpack.config.js' ]
12 silly lifecycle DemoWebpack@1.0.0~dev: Returned: code: 1  signal: null
13 info lifecycle DemoWebpack@1.0.0~dev: Failed to exec dev script
14 verbose stack Error: DemoWebpack@1.0.0 dev: `cross-env NODE_ENV=dev webpack --config webpack.config.js`
14 verbose stack Exit status 1
14 verbose stack     at EventEmitter.<anonymous> (C:\Program Files\nodejs\node_modules\npm\lib\utils\lifecycle.js:255:16)
14 verbose stack     at emitTwo (events.js:106:13)
14 verbose stack     at EventEmitter.emit (events.js:191:7)
14 verbose stack     at ChildProcess.<anonymous> (C:\Program Files\nodejs\node_modules\npm\lib\utils\spawn.js:40:14)
14 verbose stack     at emitTwo (events.js:106:13)
14 verbose stack     at ChildProcess.emit (events.js:191:7)
14 verbose stack     at maybeClose (internal/child_process.js:891:16)
14 verbose stack     at Process.ChildProcess._handle.onexit (internal/child_process.js:226:5)
15 verbose pkgid DemoWebpack@1.0.0
16 verbose cwd C:\project-sf\DemoWebpack
17 error Windows_NT 6.1.7601
18 error argv "C:\\Program Files\\nodejs\\node.exe" "C:\\Program Files\\nodejs\\node_modules\\npm\\bin\\npm-cli.js" "run" "dev"
19 error node v6.11.0
20 error npm  v3.10.10
21 error code ELIFECYCLE
22 error DemoWebpack@1.0.0 dev: `cross-env NODE_ENV=dev webpack --config webpack.config.js`
22 error Exit status 1
23 error Failed at the DemoWebpack@1.0.0 dev script 'cross-env NODE_ENV=dev webpack --config webpack.config.js'.
23 error Make sure you have the latest version of node.js and npm installed.
23 error If you do, this is most likely a problem with the DemoWebpack package,
23 error not with npm itself.
23 error Tell the author that this fails on your system:
23 error     cross-env NODE_ENV=dev webpack --config webpack.config.js
23 error You can get information on how to open an issue for this project with:
23 error     npm bugs DemoWebpack
23 error Or if that isn't available, you can get their info via:
23 error     npm owner ls DemoWebpack
23 error There is likely additional logging output above.
24 verbose exit [ 1, true ]
